-------------------------------------------------------------------------------
Test set: test_runner.RunnerTest
-------------------------------------------------------------------------------
Tests run: 2, Failures: 2, Errors: 0, Skipped: 0, Time elapsed: 10.091 sec <<< FAILURE!
Verify The Request Credit(AWS Investments)  Time elapsed: 7.386 sec  <<< FAILURE!
org.junit.ComparisonFailure: expected:<[Investments]> but was:<[Google]>
	at org.junit.Assert.assertEquals(Assert.java:115)
	at org.junit.Assert.assertEquals(Assert.java:144)
	at pageObject.Login_Page.VerifyRequestPage(Login_Page.java:74)
	at step_definition.Login.user_is_already_on_Request_Page(Login.java:23)
	at ✽.User is already on Request Page(file:src/test/resources/login.feature:7)

Verify Element(AWS Investments)  Time elapsed: 1.913 sec  <<< FAILURE!
org.junit.ComparisonFailure: expected:<[Investments]> but was:<[Google]>
	at org.junit.Assert.assertEquals(Assert.java:115)
	at org.junit.Assert.assertEquals(Assert.java:144)
	at pageObject.Login_Page.VerifyRequestPage(Login_Page.java:74)
	at step_definition.Login.user_is_already_on_Request_Page(Login.java:23)
	at ✽.User is already on Request Page(file:src/test/resources/login.feature:44)

