<?xml version="1.0" encoding="UTF-8" ?>
<testsuite tests="2" failures="2" name="test_runner.RunnerTest" time="9.299" errors="0" skipped="0">
  <properties>
[...]
</properties>
  <testcase classname="AWS Investments" name="Verify The Request Credit" time="7.386">
    <failure message="expected:&lt;[Investments]&gt; but was:&lt;[Google]&gt;" type="org.junit.ComparisonFailure">org.junit.ComparisonFailure: expected:&lt;[Investments]&gt; but was:&lt;[Google]&gt;
	at org.junit.Assert.assertEquals(Assert.java:115)
	at org.junit.Assert.assertEquals(Assert.java:144)
	at pageObject.Login_Page.VerifyRequestPage(Login_Page.java:74)
	at step_definition.Login.user_is_already_on_Request_Page(Login.java:23)
	at ✽.User is already on Request Page(file:src/test/resources/login.feature:7)
</failure>
    <system-out>2020-05-23 00:21:01 INFO  BaseClass:34 - ================================================================================================
2020-05-23 00:21:01 INFO  BaseClass:35 - ======== Scenario Name: Verify The Request Credit ========
2020-05-23 00:21:01 INFO  BaseClass:36 - ================================================================================================
=========Browser Session Started==========
Google
2020-05-23 00:21:08 ERROR BaseClass:47 - ++++++++++++++++++++++++++++++++++++++++++++++++++++++++++++++++++++++++++++++++++++++++++++++++
2020-05-23 00:21:08 ERROR BaseClass:48 - ++++++++ Failed: Scenario Name- Verify The Request Credit++++++++
2020-05-23 00:21:08 ERROR BaseClass:49 - ++++++++++++++++++++++++++++++++++++++++++++++++++++++++++++++++++++++++++++++++++++++++++++++++
</system-out>
    <system-err>Starting ChromeDriver 83.0.4103.39 (ccbf011cb2d2b19b506d844400483861342c20cd-refs/branch-heads/4103@{#416}) on port 34441
Only local connections are allowed.
Please see https://chromedriver.chromium.org/security-considerations for suggestions on keeping ChromeDriver safe.
ChromeDriver was started successfully.
May 23, 2020 12:21:05 AM org.openqa.selenium.remote.ProtocolHandshake createSession
INFO: Detected dialect: W3C
</system-err>
  </testcase>
  <testcase classname="AWS Investments" name="Verify Element" time="1.913">
    <failure message="expected:&lt;[Investments]&gt; but was:&lt;[Google]&gt;" type="org.junit.ComparisonFailure">org.junit.ComparisonFailure: expected:&lt;[Investments]&gt; but was:&lt;[Google]&gt;
	at org.junit.Assert.assertEquals(Assert.java:115)
	at org.junit.Assert.assertEquals(Assert.java:144)
	at pageObject.Login_Page.VerifyRequestPage(Login_Page.java:74)
	at step_definition.Login.user_is_already_on_Request_Page(Login.java:23)
	at ✽.User is already on Request Page(file:src/test/resources/login.feature:44)
</failure>
    <system-out>2020-05-23 00:21:08 INFO  BaseClass:34 - ================================================================================================
2020-05-23 00:21:08 INFO  BaseClass:35 - ======== Scenario Name: Verify Element ========
2020-05-23 00:21:08 INFO  BaseClass:36 - ================================================================================================
=========Browser Session Started==========
Google
2020-05-23 00:21:10 ERROR BaseClass:47 - ++++++++++++++++++++++++++++++++++++++++++++++++++++++++++++++++++++++++++++++++++++++++++++++++
2020-05-23 00:21:10 ERROR BaseClass:48 - ++++++++ Failed: Scenario Name- Verify Element++++++++
2020-05-23 00:21:10 ERROR BaseClass:49 - ++++++++++++++++++++++++++++++++++++++++++++++++++++++++++++++++++++++++++++++++++++++++++++++++
</system-out>
  </testcase>
</testsuite>